{"/home/johanwendin/Dev/ts/lab3/src/main.tsx": {"path":"/home/johanwendin/Dev/ts/lab3/src/main.tsx","statementMap":{"0":{"start":{"line":1,"column":13},"end":{"line":1,"column":42}},"1":{"start":{"line":1,"column":42},"end":{"line":1,"column":55}},"2":{"start":{"line":2,"column":0},"end":{"line":2,"column":62}},"3":{"start":{"line":3,"column":14},"end":{"line":3,"column":30}},"4":{"start":{"line":4,"column":17},"end":{"line":4,"column":37}},"5":{"start":{"line":5,"column":14},"end":{"line":5,"column":34}},"6":{"start":{"line":6,"column":0},"end":{"line":6,"column":36}},"7":{"start":{"line":7,"column":32},"end":{"line":7,"column":64}},"8":{"start":{"line":8,"column":14},"end":{"line":9,"column":45}},"9":{"start":{"line":10,"column":0},"end":{"line":10,"column":55}}},"fnMap":{},"branchMap":{},"s":{"0":0,"1":0,"2":0,"3":0,"4":0,"5":0,"6":0,"7":0,"8":0,"9":0},"f":{},"b":{}}
,"/home/johanwendin/Dev/ts/lab3/src/app/app.tsx": {"path":"/home/johanwendin/Dev/ts/lab3/src/app/app.tsx","statementMap":{"0":{"start":{"line":1,"column":13},"end":{"line":1,"column":42}},"1":{"start":{"line":1,"column":42},"end":{"line":1,"column":55}},"2":{"start":{"line":2,"column":0},"end":{"line":2,"column":62}},"3":{"start":{"line":3,"column":14},"end":{"line":3,"column":30}},"4":{"start":{"line":4,"column":27},"end":{"line":4,"column":54}},"5":{"start":{"line":5,"column":15},"end":{"line":5,"column":32}},"6":{"start":{"line":6,"column":11},"end":{"line":6,"column":34}},"7":{"start":{"line":7,"column":17},"end":{"line":7,"column":43}},"8":{"start":{"line":8,"column":29},"end":{"line":8,"column":67}},"9":{"start":{"line":10,"column":0},"end":{"line":17,"column":107}},"10":{"start":{"line":10,"column":25},"end":{"line":17,"column":105}}},"fnMap":{"0":{"name":"(anonymous_0)","decl":{"start":{"line":10,"column":18},"end":{"line":10,"column":19}},"loc":{"start":{"line":10,"column":25},"end":{"line":17,"column":105}},"line":10}},"branchMap":{},"s":{"0":0,"1":0,"2":0,"3":0,"4":0,"5":0,"6":0,"7":0,"8":0,"9":0,"10":0},"f":{"0":0},"b":{}}
,"/home/johanwendin/Dev/ts/lab3/src/app/enzo/enzo.service.js": {"path":"/home/johanwendin/Dev/ts/lab3/src/app/enzo/enzo.service.js","statementMap":{},"fnMap":{},"branchMap":{},"s":{},"f":{},"b":{}}
,"/home/johanwendin/Dev/ts/lab3/src/app/enzo/enzo.service.ts": {"path":"/home/johanwendin/Dev/ts/lab3/src/app/enzo/enzo.service.ts","statementMap":{"0":{"start":{"line":1,"column":13},"end":{"line":1,"column":42}},"1":{"start":{"line":1,"column":42},"end":{"line":1,"column":55}},"2":{"start":{"line":2,"column":0},"end":{"line":2,"column":62}},"3":{"start":{"line":3,"column":16},"end":{"line":3,"column":41}},"4":{"start":{"line":5,"column":15},"end":{"line":38,"column":1}},"5":{"start":{"line":39,"column":19},"end":{"line":140,"column":1}},"6":{"start":{"line":145,"column":8},"end":{"line":145,"column":40}},"7":{"start":{"line":146,"column":8},"end":{"line":146,"column":22}},"8":{"start":{"line":149,"column":22},"end":{"line":149,"column":63}},"9":{"start":{"line":149,"column":47},"end":{"line":149,"column":61}},"10":{"start":{"line":150,"column":8},"end":{"line":150,"column":21}},"11":{"start":{"line":154,"column":8},"end":{"line":165,"column":9}},"12":{"start":{"line":156,"column":16},"end":{"line":156,"column":95}},"13":{"start":{"line":156,"column":51},"end":{"line":156,"column":93}},"14":{"start":{"line":158,"column":16},"end":{"line":158,"column":89}},"15":{"start":{"line":158,"column":51},"end":{"line":158,"column":87}},"16":{"start":{"line":160,"column":16},"end":{"line":160,"column":89}},"17":{"start":{"line":160,"column":51},"end":{"line":160,"column":87}},"18":{"start":{"line":162,"column":16},"end":{"line":162,"column":89}},"19":{"start":{"line":162,"column":51},"end":{"line":162,"column":87}},"20":{"start":{"line":164,"column":16},"end":{"line":164,"column":89}},"21":{"start":{"line":164,"column":51},"end":{"line":164,"column":87}},"22":{"start":{"line":168,"column":0},"end":{"line":168,"column":30}}},"fnMap":{"0":{"name":"(anonymous_0)","decl":{"start":{"line":142,"column":4},"end":{"line":142,"column":5}},"loc":{"start":{"line":142,"column":18},"end":{"line":143,"column":5}},"line":142},"1":{"name":"(anonymous_1)","decl":{"start":{"line":144,"column":4},"end":{"line":144,"column":5}},"loc":{"start":{"line":144,"column":23},"end":{"line":147,"column":5}},"line":144},"2":{"name":"(anonymous_2)","decl":{"start":{"line":148,"column":4},"end":{"line":148,"column":5}},"loc":{"start":{"line":148,"column":24},"end":{"line":151,"column":5}},"line":148},"3":{"name":"(anonymous_3)","decl":{"start":{"line":149,"column":36},"end":{"line":149,"column":37}},"loc":{"start":{"line":149,"column":47},"end":{"line":149,"column":61}},"line":149},"4":{"name":"(anonymous_4)","decl":{"start":{"line":152,"column":4},"end":{"line":152,"column":5}},"loc":{"start":{"line":152,"column":30},"end":{"line":166,"column":5}},"line":152},"5":{"name":"(anonymous_5)","decl":{"start":{"line":156,"column":39},"end":{"line":156,"column":40}},"loc":{"start":{"line":156,"column":51},"end":{"line":156,"column":93}},"line":156},"6":{"name":"(anonymous_6)","decl":{"start":{"line":158,"column":39},"end":{"line":158,"column":40}},"loc":{"start":{"line":158,"column":51},"end":{"line":158,"column":87}},"line":158},"7":{"name":"(anonymous_7)","decl":{"start":{"line":160,"column":39},"end":{"line":160,"column":40}},"loc":{"start":{"line":160,"column":51},"end":{"line":160,"column":87}},"line":160},"8":{"name":"(anonymous_8)","decl":{"start":{"line":162,"column":39},"end":{"line":162,"column":40}},"loc":{"start":{"line":162,"column":51},"end":{"line":162,"column":87}},"line":162},"9":{"name":"(anonymous_9)","decl":{"start":{"line":164,"column":39},"end":{"line":164,"column":40}},"loc":{"start":{"line":164,"column":51},"end":{"line":164,"column":87}},"line":164}},"branchMap":{"0":{"loc":{"start":{"line":154,"column":8},"end":{"line":165,"column":9}},"type":"switch","locations":[{"start":{"line":155,"column":12},"end":{"line":156,"column":95}},{"start":{"line":157,"column":12},"end":{"line":158,"column":89}},{"start":{"line":159,"column":12},"end":{"line":160,"column":89}},{"start":{"line":161,"column":12},"end":{"line":162,"column":89}},{"start":{"line":163,"column":12},"end":{"line":164,"column":89}}],"line":154}},"s":{"0":0,"1":0,"2":0,"3":0,"4":0,"5":0,"6":0,"7":0,"8":0,"9":0,"10":0,"11":0,"12":0,"13":0,"14":0,"15":0,"16":0,"17":0,"18":0,"19":0,"20":0,"21":0,"22":0},"f":{"0":0,"1":0,"2":0,"3":0,"4":0,"5":0,"6":0,"7":0,"8":0,"9":0},"b":{"0":[0,0,0,0,0]}}
,"/home/johanwendin/Dev/ts/lab3/src/app/footer/footer.tsx": {"path":"/home/johanwendin/Dev/ts/lab3/src/app/footer/footer.tsx","statementMap":{"0":{"start":{"line":1,"column":13},"end":{"line":1,"column":42}},"1":{"start":{"line":1,"column":42},"end":{"line":1,"column":55}},"2":{"start":{"line":2,"column":0},"end":{"line":2,"column":62}},"3":{"start":{"line":3,"column":14},"end":{"line":3,"column":30}},"4":{"start":{"line":4,"column":0},"end":{"line":5,"column":47}},"5":{"start":{"line":4,"column":24},"end":{"line":5,"column":46}}},"fnMap":{"0":{"name":"(anonymous_0)","decl":{"start":{"line":4,"column":18},"end":{"line":4,"column":19}},"loc":{"start":{"line":4,"column":24},"end":{"line":5,"column":46}},"line":4}},"branchMap":{},"s":{"0":0,"1":0,"2":0,"3":0,"4":0,"5":0},"f":{"0":0},"b":{}}
,"/home/johanwendin/Dev/ts/lab3/src/app/header/club-bar.components.tsx": {"path":"/home/johanwendin/Dev/ts/lab3/src/app/header/club-bar.components.tsx","statementMap":{"0":{"start":{"line":1,"column":13},"end":{"line":1,"column":42}},"1":{"start":{"line":1,"column":42},"end":{"line":1,"column":55}},"2":{"start":{"line":2,"column":0},"end":{"line":2,"column":62}},"3":{"start":{"line":3,"column":14},"end":{"line":3,"column":30}},"4":{"start":{"line":4,"column":25},"end":{"line":9,"column":1}},"5":{"start":{"line":10,"column":25},"end":{"line":14,"column":85}},"6":{"start":{"line":10,"column":64},"end":{"line":14,"column":84}},"7":{"start":{"line":12,"column":40},"end":{"line":14,"column":80}},"8":{"start":{"line":15,"column":0},"end":{"line":15,"column":35}}},"fnMap":{"0":{"name":"(anonymous_0)","decl":{"start":{"line":10,"column":25},"end":{"line":10,"column":26}},"loc":{"start":{"line":10,"column":64},"end":{"line":14,"column":84}},"line":10},"1":{"name":"(anonymous_1)","decl":{"start":{"line":12,"column":22},"end":{"line":12,"column":23}},"loc":{"start":{"line":12,"column":40},"end":{"line":14,"column":80}},"line":12}},"branchMap":{"0":{"loc":{"start":{"line":10,"column":28},"end":{"line":10,"column":56}},"type":"default-arg","locations":[{"start":{"line":10,"column":40},"end":{"line":10,"column":56}}],"line":10},"1":{"loc":{"start":{"line":11,"column":36},"end":{"line":14,"column":82}},"type":"binary-expr","locations":[{"start":{"line":11,"column":36},"end":{"line":11,"column":45}},{"start":{"line":12,"column":8},"end":{"line":14,"column":82}}],"line":11}},"s":{"0":0,"1":0,"2":0,"3":0,"4":0,"5":0,"6":0,"7":0,"8":0},"f":{"0":0,"1":0},"b":{"0":[0],"1":[0,0]}}
,"/home/johanwendin/Dev/ts/lab3/src/app/header/header.tsx": {"path":"/home/johanwendin/Dev/ts/lab3/src/app/header/header.tsx","statementMap":{"0":{"start":{"line":1,"column":13},"end":{"line":1,"column":42}},"1":{"start":{"line":1,"column":42},"end":{"line":1,"column":55}},"2":{"start":{"line":2,"column":0},"end":{"line":2,"column":62}},"3":{"start":{"line":3,"column":14},"end":{"line":3,"column":30}},"4":{"start":{"line":4,"column":28},"end":{"line":4,"column":56}},"5":{"start":{"line":5,"column":30},"end":{"line":5,"column":62}},"6":{"start":{"line":6,"column":13},"end":{"line":6,"column":51}},"7":{"start":{"line":7,"column":15},"end":{"line":12,"column":1}},"8":{"start":{"line":13,"column":17},"end":{"line":15,"column":1}},"9":{"start":{"line":16,"column":25},"end":{"line":21,"column":1}},"10":{"start":{"line":22,"column":0},"end":{"line":26,"column":47}},"11":{"start":{"line":22,"column":24},"end":{"line":26,"column":46}}},"fnMap":{"0":{"name":"(anonymous_0)","decl":{"start":{"line":22,"column":18},"end":{"line":22,"column":19}},"loc":{"start":{"line":22,"column":24},"end":{"line":26,"column":46}},"line":22}},"branchMap":{},"s":{"0":0,"1":0,"2":0,"3":0,"4":0,"5":0,"6":0,"7":0,"8":0,"9":0,"10":0,"11":0},"f":{"0":0},"b":{}}
,"/home/johanwendin/Dev/ts/lab3/src/app/home/home.component.tsx": {"path":"/home/johanwendin/Dev/ts/lab3/src/app/home/home.component.tsx","statementMap":{"0":{"start":{"line":1,"column":13},"end":{"line":1,"column":42}},"1":{"start":{"line":1,"column":42},"end":{"line":1,"column":55}},"2":{"start":{"line":2,"column":0},"end":{"line":2,"column":62}},"3":{"start":{"line":3,"column":14},"end":{"line":3,"column":30}},"4":{"start":{"line":4,"column":28},"end":{"line":4,"column":56}},"5":{"start":{"line":5,"column":16},"end":{"line":10,"column":1}},"6":{"start":{"line":11,"column":0},"end":{"line":12,"column":50}},"7":{"start":{"line":11,"column":25},"end":{"line":12,"column":48}}},"fnMap":{"0":{"name":"(anonymous_0)","decl":{"start":{"line":11,"column":18},"end":{"line":11,"column":19}},"loc":{"start":{"line":11,"column":25},"end":{"line":12,"column":48}},"line":11}},"branchMap":{},"s":{"0":1,"1":1,"2":1,"3":1,"4":1,"5":1,"6":1,"7":0},"f":{"0":0},"b":{},"inputSourceMap":{"version":3,"file":"home.component.js","sourceRoot":"","sources":["file:////home/johanwendin/Dev/ts/lab3/src/app/home/home.component.tsx"],"names":[],"mappings":";;AAAA,+BAA+B;AAC/B,yDAAuC;AAEvC,MAAM,OAAO,GAAG,2BAAM,CAAC,GAAG,CAAA;;;;;CAKzB,CAAC;AAEF,kBAAe,MAAM,CACjB,oBAAC,OAAO;IACJ,2CAAiB,CACX,CACb,CAAC","sourcesContent":["import * as React from \"react\";\nimport styled from \"styled-components\";\n\nconst Wrapper = styled.div`\n    display:flex;\n    flex-flow:column;\n    justify-content: center;\n    align-items: center;\n`;\n\nexport default () => (\n    <Wrapper>\n        <h1>Welcome!</h1>\n    </Wrapper>\n);\n"]},"_coverageSchema":"332fd63041d2c1bcb487cc26dd0d5f7d97098a6c","hash":"87a557da842e4b0ad7659f25c1366745d4b84406"}
,"/home/johanwendin/Dev/ts/lab3/src/app/home/index.tsx": {"path":"/home/johanwendin/Dev/ts/lab3/src/app/home/index.tsx","statementMap":{"0":{"start":{"line":1,"column":13},"end":{"line":1,"column":42}},"1":{"start":{"line":1,"column":42},"end":{"line":1,"column":55}},"2":{"start":{"line":2,"column":0},"end":{"line":2,"column":62}},"3":{"start":{"line":3,"column":14},"end":{"line":3,"column":30}},"4":{"start":{"line":4,"column":32},"end":{"line":4,"column":64}},"5":{"start":{"line":5,"column":0},"end":{"line":9,"column":3}},"6":{"start":{"line":6,"column":19},"end":{"line":7,"column":43}},"7":{"start":{"line":8,"column":35},"end":{"line":8,"column":82}}},"fnMap":{"0":{"name":"(anonymous_0)","decl":{"start":{"line":6,"column":13},"end":{"line":6,"column":14}},"loc":{"start":{"line":6,"column":19},"end":{"line":7,"column":43}},"line":6},"1":{"name":"(anonymous_1)","decl":{"start":{"line":8,"column":20},"end":{"line":8,"column":21}},"loc":{"start":{"line":8,"column":35},"end":{"line":8,"column":82}},"line":8}},"branchMap":{},"s":{"0":0,"1":0,"2":0,"3":0,"4":0,"5":0,"6":0,"7":0},"f":{"0":0,"1":0},"b":{}}
,"/home/johanwendin/Dev/ts/lab3/src/app/shared/bundle.component.tsx": {"path":"/home/johanwendin/Dev/ts/lab3/src/app/shared/bundle.component.tsx","statementMap":{"0":{"start":{"line":1,"column":13},"end":{"line":1,"column":42}},"1":{"start":{"line":1,"column":42},"end":{"line":1,"column":55}},"2":{"start":{"line":2,"column":0},"end":{"line":2,"column":62}},"3":{"start":{"line":3,"column":14},"end":{"line":3,"column":30}},"4":{"start":{"line":6,"column":8},"end":{"line":6,"column":28}},"5":{"start":{"line":7,"column":8},"end":{"line":10,"column":10}},"6":{"start":{"line":13,"column":8},"end":{"line":13,"column":30}},"7":{"start":{"line":16,"column":8},"end":{"line":18,"column":9}},"8":{"start":{"line":17,"column":12},"end":{"line":17,"column":33}},"9":{"start":{"line":21,"column":8},"end":{"line":23,"column":11}},"10":{"start":{"line":24,"column":8},"end":{"line":29,"column":11}},"11":{"start":{"line":25,"column":12},"end":{"line":28,"column":15}},"12":{"start":{"line":32,"column":8},"end":{"line":32,"column":51}},"13":{"start":{"line":35,"column":0},"end":{"line":35,"column":25}}},"fnMap":{"0":{"name":"(anonymous_0)","decl":{"start":{"line":5,"column":4},"end":{"line":5,"column":5}},"loc":{"start":{"line":5,"column":18},"end":{"line":11,"column":5}},"line":5},"1":{"name":"(anonymous_1)","decl":{"start":{"line":12,"column":4},"end":{"line":12,"column":5}},"loc":{"start":{"line":12,"column":25},"end":{"line":14,"column":5}},"line":12},"2":{"name":"(anonymous_2)","decl":{"start":{"line":15,"column":4},"end":{"line":15,"column":5}},"loc":{"start":{"line":15,"column":41},"end":{"line":19,"column":5}},"line":15},"3":{"name":"(anonymous_3)","decl":{"start":{"line":20,"column":4},"end":{"line":20,"column":5}},"loc":{"start":{"line":20,"column":16},"end":{"line":30,"column":5}},"line":20},"4":{"name":"(anonymous_4)","decl":{"start":{"line":24,"column":19},"end":{"line":24,"column":20}},"loc":{"start":{"line":24,"column":28},"end":{"line":29,"column":9}},"line":24},"5":{"name":"(anonymous_5)","decl":{"start":{"line":31,"column":4},"end":{"line":31,"column":5}},"loc":{"start":{"line":31,"column":13},"end":{"line":33,"column":5}},"line":31}},"branchMap":{"0":{"loc":{"start":{"line":16,"column":8},"end":{"line":18,"column":9}},"type":"if","locations":[{"start":{"line":16,"column":8},"end":{"line":18,"column":9}},{"start":{"line":16,"column":8},"end":{"line":18,"column":9}}],"line":16},"1":{"loc":{"start":{"line":27,"column":21},"end":{"line":27,"column":52}},"type":"cond-expr","locations":[{"start":{"line":27,"column":35},"end":{"line":27,"column":46}},{"start":{"line":27,"column":49},"end":{"line":27,"column":52}}],"line":27}},"s":{"0":0,"1":0,"2":0,"3":0,"4":0,"5":0,"6":0,"7":0,"8":0,"9":0,"10":0,"11":0,"12":0,"13":0},"f":{"0":0,"1":0,"2":0,"3":0,"4":0,"5":0},"b":{"0":[0,0],"1":[0,0]}}
,"/home/johanwendin/Dev/ts/lab3/src/app/shared/no-match.component.tsx": {"path":"/home/johanwendin/Dev/ts/lab3/src/app/shared/no-match.component.tsx","statementMap":{"0":{"start":{"line":1,"column":13},"end":{"line":1,"column":42}},"1":{"start":{"line":1,"column":42},"end":{"line":1,"column":55}},"2":{"start":{"line":2,"column":0},"end":{"line":2,"column":62}},"3":{"start":{"line":3,"column":14},"end":{"line":3,"column":30}},"4":{"start":{"line":4,"column":16},"end":{"line":4,"column":32}},"5":{"start":{"line":7,"column":8},"end":{"line":8,"column":67}},"6":{"start":{"line":11,"column":0},"end":{"line":11,"column":35}}},"fnMap":{"0":{"name":"(anonymous_0)","decl":{"start":{"line":6,"column":4},"end":{"line":6,"column":5}},"loc":{"start":{"line":6,"column":13},"end":{"line":9,"column":5}},"line":6}},"branchMap":{},"s":{"0":0,"1":0,"2":0,"3":0,"4":0,"5":0,"6":0},"f":{"0":0},"b":{}}
,"/home/johanwendin/Dev/ts/lab3/src/app/shared/search.component.tsx": {"path":"/home/johanwendin/Dev/ts/lab3/src/app/shared/search.component.tsx","statementMap":{"0":{"start":{"line":1,"column":13},"end":{"line":1,"column":42}},"1":{"start":{"line":1,"column":42},"end":{"line":1,"column":55}},"2":{"start":{"line":2,"column":0},"end":{"line":2,"column":62}},"3":{"start":{"line":3,"column":14},"end":{"line":3,"column":30}},"4":{"start":{"line":4,"column":28},"end":{"line":4,"column":56}},"5":{"start":{"line":5,"column":16},"end":{"line":5,"column":42}},"6":{"start":{"line":6,"column":17},"end":{"line":6,"column":44}},"7":{"start":{"line":7,"column":19},"end":{"line":10,"column":1}},"8":{"start":{"line":11,"column":18},"end":{"line":30,"column":1}},"9":{"start":{"line":33,"column":8},"end":{"line":33,"column":38}},"10":{"start":{"line":34,"column":8},"end":{"line":34,"column":59}},"11":{"start":{"line":37,"column":8},"end":{"line":38,"column":138}},"12":{"start":{"line":38,"column":108},"end":{"line":38,"column":132}},"13":{"start":{"line":41,"column":0},"end":{"line":41,"column":34}}},"fnMap":{"0":{"name":"(anonymous_0)","decl":{"start":{"line":32,"column":4},"end":{"line":32,"column":5}},"loc":{"start":{"line":32,"column":24},"end":{"line":35,"column":5}},"line":32},"1":{"name":"(anonymous_1)","decl":{"start":{"line":36,"column":4},"end":{"line":36,"column":5}},"loc":{"start":{"line":36,"column":13},"end":{"line":39,"column":5}},"line":36},"2":{"name":"(anonymous_2)","decl":{"start":{"line":38,"column":97},"end":{"line":38,"column":98}},"loc":{"start":{"line":38,"column":108},"end":{"line":38,"column":132}},"line":38}},"branchMap":{},"s":{"0":0,"1":0,"2":0,"3":0,"4":0,"5":0,"6":0,"7":0,"8":0,"9":0,"10":0,"11":0,"12":0,"13":0},"f":{"0":0,"1":0,"2":0},"b":{}}
,"/home/johanwendin/Dev/ts/lab3/src/app/shared/test.ts": {"path":"/home/johanwendin/Dev/ts/lab3/src/app/shared/test.ts","statementMap":{"0":{"start":{"line":1,"column":13},"end":{"line":1,"column":42}},"1":{"start":{"line":1,"column":42},"end":{"line":1,"column":55}},"2":{"start":{"line":2,"column":0},"end":{"line":2,"column":62}}},"fnMap":{},"branchMap":{},"s":{"0":0,"1":0,"2":0},"f":{},"b":{}}
,"/home/johanwendin/Dev/ts/lab3/src/app/track-list/index.tsx": {"path":"/home/johanwendin/Dev/ts/lab3/src/app/track-list/index.tsx","statementMap":{"0":{"start":{"line":1,"column":13},"end":{"line":1,"column":42}},"1":{"start":{"line":1,"column":42},"end":{"line":1,"column":55}},"2":{"start":{"line":2,"column":0},"end":{"line":2,"column":62}},"3":{"start":{"line":3,"column":14},"end":{"line":3,"column":30}},"4":{"start":{"line":4,"column":32},"end":{"line":4,"column":64}},"5":{"start":{"line":5,"column":0},"end":{"line":9,"column":3}},"6":{"start":{"line":6,"column":19},"end":{"line":7,"column":43}},"7":{"start":{"line":8,"column":35},"end":{"line":8,"column":82}}},"fnMap":{"0":{"name":"(anonymous_0)","decl":{"start":{"line":6,"column":13},"end":{"line":6,"column":14}},"loc":{"start":{"line":6,"column":19},"end":{"line":7,"column":43}},"line":6},"1":{"name":"(anonymous_1)","decl":{"start":{"line":8,"column":20},"end":{"line":8,"column":21}},"loc":{"start":{"line":8,"column":35},"end":{"line":8,"column":82}},"line":8}},"branchMap":{},"s":{"0":0,"1":0,"2":0,"3":0,"4":0,"5":0,"6":0,"7":0},"f":{"0":0,"1":0},"b":{}}
,"/home/johanwendin/Dev/ts/lab3/src/app/track-list/track-list.component.tsx": {"path":"/home/johanwendin/Dev/ts/lab3/src/app/track-list/track-list.component.tsx","statementMap":{"0":{"start":{"line":1,"column":13},"end":{"line":1,"column":42}},"1":{"start":{"line":1,"column":42},"end":{"line":1,"column":55}},"2":{"start":{"line":2,"column":0},"end":{"line":2,"column":62}},"3":{"start":{"line":3,"column":14},"end":{"line":3,"column":30}},"4":{"start":{"line":4,"column":16},"end":{"line":4,"column":42}},"5":{"start":{"line":5,"column":15},"end":{"line":5,"column":40}},"6":{"start":{"line":6,"column":16},"end":{"line":6,"column":42}},"7":{"start":{"line":7,"column":26},"end":{"line":7,"column":54}},"8":{"start":{"line":8,"column":27},"end":{"line":8,"column":64}},"9":{"start":{"line":9,"column":28},"end":{"line":9,"column":56}},"10":{"start":{"line":10,"column":17},"end":{"line":16,"column":1}},"11":{"start":{"line":19,"column":8},"end":{"line":19,"column":21}},"12":{"start":{"line":20,"column":8},"end":{"line":20,"column":103}},"13":{"start":{"line":22,"column":8},"end":{"line":22,"column":57}},"14":{"start":{"line":25,"column":8},"end":{"line":25,"column":47}},"15":{"start":{"line":28,"column":8},"end":{"line":28,"column":31}},"16":{"start":{"line":29,"column":8},"end":{"line":31,"column":150}},"17":{"start":{"line":31,"column":82},"end":{"line":31,"column":145}},"18":{"start":{"line":34,"column":8},"end":{"line":43,"column":267}},"19":{"start":{"line":43,"column":102},"end":{"line":43,"column":261}},"20":{"start":{"line":43,"column":226},"end":{"line":43,"column":258}},"21":{"start":{"line":46,"column":0},"end":{"line":46,"column":28}}},"fnMap":{"0":{"name":"(anonymous_0)","decl":{"start":{"line":18,"column":4},"end":{"line":18,"column":5}},"loc":{"start":{"line":18,"column":23},"end":{"line":23,"column":5}},"line":18},"1":{"name":"(anonymous_1)","decl":{"start":{"line":24,"column":4},"end":{"line":24,"column":5}},"loc":{"start":{"line":24,"column":30},"end":{"line":26,"column":5}},"line":24},"2":{"name":"(anonymous_2)","decl":{"start":{"line":27,"column":4},"end":{"line":27,"column":5}},"loc":{"start":{"line":27,"column":28},"end":{"line":32,"column":5}},"line":27},"3":{"name":"(anonymous_3)","decl":{"start":{"line":31,"column":71},"end":{"line":31,"column":72}},"loc":{"start":{"line":31,"column":82},"end":{"line":31,"column":145}},"line":31},"4":{"name":"(anonymous_4)","decl":{"start":{"line":33,"column":4},"end":{"line":33,"column":5}},"loc":{"start":{"line":33,"column":13},"end":{"line":44,"column":5}},"line":33},"5":{"name":"(anonymous_5)","decl":{"start":{"line":43,"column":82},"end":{"line":43,"column":83}},"loc":{"start":{"line":43,"column":102},"end":{"line":43,"column":261}},"line":43},"6":{"name":"(anonymous_6)","decl":{"start":{"line":43,"column":213},"end":{"line":43,"column":214}},"loc":{"start":{"line":43,"column":226},"end":{"line":43,"column":258}},"line":43}},"branchMap":{"0":{"loc":{"start":{"line":29,"column":8},"end":{"line":31,"column":149}},"type":"cond-expr","locations":[{"start":{"line":30,"column":14},"end":{"line":30,"column":69}},{"start":{"line":31,"column":14},"end":{"line":31,"column":149}}],"line":29},"1":{"loc":{"start":{"line":42,"column":16},"end":{"line":43,"column":263}},"type":"binary-expr","locations":[{"start":{"line":42,"column":16},"end":{"line":42,"column":37}},{"start":{"line":43,"column":20},"end":{"line":43,"column":263}}],"line":42}},"s":{"0":0,"1":0,"2":0,"3":0,"4":0,"5":0,"6":0,"7":0,"8":0,"9":0,"10":0,"11":0,"12":0,"13":0,"14":0,"15":0,"16":0,"17":0,"18":0,"19":0,"20":0,"21":0},"f":{"0":0,"1":0,"2":0,"3":0,"4":0,"5":0,"6":0},"b":{"0":[0,0],"1":[0,0]}}
,"/home/johanwendin/Dev/ts/lab3/src/app/track-list/track.component.tsx": {"path":"/home/johanwendin/Dev/ts/lab3/src/app/track-list/track.component.tsx","statementMap":{"0":{"start":{"line":1,"column":13},"end":{"line":1,"column":42}},"1":{"start":{"line":1,"column":42},"end":{"line":1,"column":55}},"2":{"start":{"line":2,"column":0},"end":{"line":2,"column":62}},"3":{"start":{"line":3,"column":14},"end":{"line":3,"column":30}},"4":{"start":{"line":4,"column":28},"end":{"line":4,"column":56}},"5":{"start":{"line":5,"column":16},"end":{"line":5,"column":42}},"6":{"start":{"line":6,"column":18},"end":{"line":6,"column":46}},"7":{"start":{"line":8,"column":27},"end":{"line":8,"column":54}},"8":{"start":{"line":9,"column":26},"end":{"line":9,"column":52}},"9":{"start":{"line":10,"column":19},"end":{"line":16,"column":1}},"10":{"start":{"line":17,"column":21},"end":{"line":26,"column":1}},"11":{"start":{"line":27,"column":20},"end":{"line":42,"column":1}},"12":{"start":{"line":43,"column":20},"end":{"line":48,"column":1}},"13":{"start":{"line":49,"column":19},"end":{"line":53,"column":1}},"14":{"start":{"line":54,"column":18},"end":{"line":62,"column":1}},"15":{"start":{"line":63,"column":18},"end":{"line":65,"column":1}},"16":{"start":{"line":66,"column":23},"end":{"line":80,"column":1}},"17":{"start":{"line":67,"column":25},"end":{"line":67,"column":47}},"18":{"start":{"line":68,"column":4},"end":{"line":79,"column":139}},"19":{"start":{"line":81,"column":0},"end":{"line":81,"column":33}}},"fnMap":{"0":{"name":"(anonymous_0)","decl":{"start":{"line":66,"column":23},"end":{"line":66,"column":24}},"loc":{"start":{"line":66,"column":45},"end":{"line":80,"column":1}},"line":66}},"branchMap":{},"s":{"0":0,"1":0,"2":0,"3":0,"4":0,"5":0,"6":0,"7":0,"8":0,"9":0,"10":0,"11":0,"12":0,"13":0,"14":0,"15":0,"16":0,"17":0,"18":0,"19":0},"f":{"0":0},"b":{}}
,"/home/johanwendin/Dev/ts/lab3/src/app/trackview/car-config.component.tsx": {"path":"/home/johanwendin/Dev/ts/lab3/src/app/trackview/car-config.component.tsx","statementMap":{"0":{"start":{"line":1,"column":13},"end":{"line":1,"column":42}},"1":{"start":{"line":1,"column":42},"end":{"line":1,"column":55}},"2":{"start":{"line":2,"column":0},"end":{"line":2,"column":62}},"3":{"start":{"line":3,"column":14},"end":{"line":3,"column":30}},"4":{"start":{"line":4,"column":16},"end":{"line":4,"column":32}},"5":{"start":{"line":7,"column":8},"end":{"line":9,"column":96}},"6":{"start":{"line":12,"column":0},"end":{"line":12,"column":28}}},"fnMap":{"0":{"name":"(anonymous_0)","decl":{"start":{"line":6,"column":4},"end":{"line":6,"column":5}},"loc":{"start":{"line":6,"column":13},"end":{"line":10,"column":5}},"line":6}},"branchMap":{"0":{"loc":{"start":{"line":9,"column":12},"end":{"line":9,"column":93}},"type":"binary-expr","locations":[{"start":{"line":9,"column":12},"end":{"line":9,"column":33}},{"start":{"line":9,"column":37},"end":{"line":9,"column":93}}],"line":9}},"s":{"0":0,"1":0,"2":0,"3":0,"4":0,"5":0,"6":0},"f":{"0":0},"b":{"0":[0,0]}}
,"/home/johanwendin/Dev/ts/lab3/src/app/trackview/index.tsx": {"path":"/home/johanwendin/Dev/ts/lab3/src/app/trackview/index.tsx","statementMap":{"0":{"start":{"line":1,"column":13},"end":{"line":1,"column":42}},"1":{"start":{"line":1,"column":42},"end":{"line":1,"column":55}},"2":{"start":{"line":2,"column":0},"end":{"line":2,"column":62}},"3":{"start":{"line":3,"column":32},"end":{"line":3,"column":64}},"4":{"start":{"line":5,"column":0},"end":{"line":9,"column":3}},"5":{"start":{"line":6,"column":19},"end":{"line":7,"column":43}}},"fnMap":{"0":{"name":"(anonymous_0)","decl":{"start":{"line":6,"column":13},"end":{"line":6,"column":14}},"loc":{"start":{"line":6,"column":19},"end":{"line":7,"column":43}},"line":6}},"branchMap":{},"s":{"0":0,"1":0,"2":0,"3":0,"4":0,"5":0},"f":{"0":0},"b":{}}
,"/home/johanwendin/Dev/ts/lab3/src/app/trackview/track-view.component.tsx": {"path":"/home/johanwendin/Dev/ts/lab3/src/app/trackview/track-view.component.tsx","statementMap":{"0":{"start":{"line":1,"column":13},"end":{"line":1,"column":42}},"1":{"start":{"line":1,"column":42},"end":{"line":1,"column":55}},"2":{"start":{"line":2,"column":0},"end":{"line":2,"column":62}},"3":{"start":{"line":3,"column":14},"end":{"line":3,"column":30}},"4":{"start":{"line":4,"column":28},"end":{"line":4,"column":56}},"5":{"start":{"line":5,"column":15},"end":{"line":5,"column":40}},"6":{"start":{"line":6,"column":31},"end":{"line":6,"column":64}},"7":{"start":{"line":7,"column":23},"end":{"line":7,"column":54}},"8":{"start":{"line":8,"column":28},"end":{"line":8,"column":58}},"9":{"start":{"line":9,"column":26},"end":{"line":9,"column":63}},"10":{"start":{"line":10,"column":16},"end":{"line":10,"column":41}},"11":{"start":{"line":12,"column":27},"end":{"line":12,"column":54}},"12":{"start":{"line":13,"column":20},"end":{"line":20,"column":1}},"13":{"start":{"line":21,"column":18},"end":{"line":24,"column":1}},"14":{"start":{"line":27,"column":8},"end":{"line":27,"column":21}},"15":{"start":{"line":28,"column":8},"end":{"line":28,"column":88}},"16":{"start":{"line":29,"column":8},"end":{"line":29,"column":51}},"17":{"start":{"line":32,"column":8},"end":{"line":32,"column":32}},"18":{"start":{"line":33,"column":22},"end":{"line":33,"column":96}},"19":{"start":{"line":34,"column":25},"end":{"line":34,"column":64}},"20":{"start":{"line":35,"column":8},"end":{"line":35,"column":77}},"21":{"start":{"line":38,"column":23},"end":{"line":38,"column":64}},"22":{"start":{"line":39,"column":8},"end":{"line":39,"column":49}},"23":{"start":{"line":42,"column":29},"end":{"line":42,"column":51}},"24":{"start":{"line":43,"column":8},"end":{"line":55,"column":140}},"25":{"start":{"line":58,"column":0},"end":{"line":58,"column":37}}},"fnMap":{"0":{"name":"(anonymous_0)","decl":{"start":{"line":26,"column":4},"end":{"line":26,"column":5}},"loc":{"start":{"line":26,"column":23},"end":{"line":30,"column":5}},"line":26},"1":{"name":"(anonymous_1)","decl":{"start":{"line":31,"column":4},"end":{"line":31,"column":5}},"loc":{"start":{"line":31,"column":24},"end":{"line":36,"column":5}},"line":31},"2":{"name":"(anonymous_2)","decl":{"start":{"line":37,"column":4},"end":{"line":37,"column":5}},"loc":{"start":{"line":37,"column":23},"end":{"line":40,"column":5}},"line":37},"3":{"name":"(anonymous_3)","decl":{"start":{"line":41,"column":4},"end":{"line":41,"column":5}},"loc":{"start":{"line":41,"column":13},"end":{"line":56,"column":5}},"line":41}},"branchMap":{"0":{"loc":{"start":{"line":44,"column":50},"end":{"line":50,"column":186}},"type":"binary-expr","locations":[{"start":{"line":44,"column":50},"end":{"line":44,"column":73}},{"start":{"line":45,"column":16},"end":{"line":50,"column":186}}],"line":44},"1":{"loc":{"start":{"line":52,"column":54},"end":{"line":53,"column":146}},"type":"binary-expr","locations":[{"start":{"line":52,"column":54},"end":{"line":52,"column":80}},{"start":{"line":53,"column":20},"end":{"line":53,"column":146}}],"line":52},"2":{"loc":{"start":{"line":54,"column":12},"end":{"line":55,"column":137}},"type":"binary-expr","locations":[{"start":{"line":54,"column":12},"end":{"line":54,"column":36}},{"start":{"line":55,"column":16},"end":{"line":55,"column":137}}],"line":54}},"s":{"0":0,"1":0,"2":0,"3":0,"4":0,"5":0,"6":0,"7":0,"8":0,"9":0,"10":0,"11":0,"12":0,"13":0,"14":0,"15":0,"16":0,"17":0,"18":0,"19":0,"20":0,"21":0,"22":0,"23":0,"24":0,"25":0},"f":{"0":0,"1":0,"2":0,"3":0},"b":{"0":[0,0],"1":[0,0],"2":[0,0]}}
,"/home/johanwendin/Dev/ts/lab3/src/app/trackview/weather.component.tsx": {"path":"/home/johanwendin/Dev/ts/lab3/src/app/trackview/weather.component.tsx","statementMap":{"0":{"start":{"line":1,"column":13},"end":{"line":1,"column":42}},"1":{"start":{"line":1,"column":42},"end":{"line":1,"column":55}},"2":{"start":{"line":2,"column":0},"end":{"line":2,"column":62}},"3":{"start":{"line":3,"column":14},"end":{"line":3,"column":30}},"4":{"start":{"line":4,"column":16},"end":{"line":4,"column":42}},"5":{"start":{"line":5,"column":16},"end":{"line":5,"column":42}},"6":{"start":{"line":6,"column":28},"end":{"line":6,"column":56}},"7":{"start":{"line":7,"column":0},"end":{"line":7,"column":47}},"8":{"start":{"line":8,"column":17},"end":{"line":14,"column":1}},"9":{"start":{"line":15,"column":22},"end":{"line":17,"column":1}},"10":{"start":{"line":18,"column":17},"end":{"line":20,"column":1}},"11":{"start":{"line":21,"column":13},"end":{"line":25,"column":1}},"12":{"start":{"line":28,"column":8},"end":{"line":28,"column":21}},"13":{"start":{"line":29,"column":8},"end":{"line":33,"column":10}},"14":{"start":{"line":30,"column":12},"end":{"line":32,"column":16}},"15":{"start":{"line":30,"column":40},"end":{"line":32,"column":13}},"16":{"start":{"line":34,"column":8},"end":{"line":37,"column":10}},"17":{"start":{"line":35,"column":12},"end":{"line":35,"column":53}},"18":{"start":{"line":36,"column":12},"end":{"line":36,"column":47}},"19":{"start":{"line":38,"column":8},"end":{"line":38,"column":41}},"20":{"start":{"line":55,"column":29},"end":{"line":55,"column":52}},"21":{"start":{"line":56,"column":8},"end":{"line":65,"column":126}},"22":{"start":{"line":60,"column":57},"end":{"line":65,"column":121}},"23":{"start":{"line":65,"column":68},"end":{"line":65,"column":96}},"24":{"start":{"line":69,"column":0},"end":{"line":69,"column":30}}},"fnMap":{"0":{"name":"(anonymous_0)","decl":{"start":{"line":27,"column":4},"end":{"line":27,"column":5}},"loc":{"start":{"line":27,"column":23},"end":{"line":39,"column":5}},"line":27},"1":{"name":"(anonymous_1)","decl":{"start":{"line":29,"column":27},"end":{"line":29,"column":28}},"loc":{"start":{"line":29,"column":33},"end":{"line":33,"column":9}},"line":29},"2":{"name":"(anonymous_2)","decl":{"start":{"line":30,"column":26},"end":{"line":30,"column":27}},"loc":{"start":{"line":30,"column":40},"end":{"line":32,"column":13}},"line":30},"3":{"name":"(anonymous_3)","decl":{"start":{"line":34,"column":30},"end":{"line":34,"column":31}},"loc":{"start":{"line":34,"column":43},"end":{"line":37,"column":9}},"line":34},"4":{"name":"(anonymous_4)","decl":{"start":{"line":41,"column":4},"end":{"line":41,"column":5}},"loc":{"start":{"line":41,"column":24},"end":{"line":53,"column":5}},"line":41},"5":{"name":"(anonymous_5)","decl":{"start":{"line":54,"column":4},"end":{"line":54,"column":5}},"loc":{"start":{"line":54,"column":13},"end":{"line":66,"column":5}},"line":54},"6":{"name":"(anonymous_6)","decl":{"start":{"line":60,"column":37},"end":{"line":60,"column":38}},"loc":{"start":{"line":60,"column":57},"end":{"line":65,"column":121}},"line":60},"7":{"name":"(anonymous_7)","decl":{"start":{"line":65,"column":61},"end":{"line":65,"column":62}},"loc":{"start":{"line":65,"column":68},"end":{"line":65,"column":96}},"line":65}},"branchMap":{"0":{"loc":{"start":{"line":56,"column":49},"end":{"line":65,"column":123}},"type":"binary-expr","locations":[{"start":{"line":56,"column":49},"end":{"line":56,"column":69}},{"start":{"line":57,"column":12},"end":{"line":65,"column":123}}],"line":56},"1":{"loc":{"start":{"line":59,"column":16},"end":{"line":65,"column":122}},"type":"binary-expr","locations":[{"start":{"line":59,"column":16},"end":{"line":59,"column":39}},{"start":{"line":60,"column":20},"end":{"line":65,"column":122}}],"line":59}},"s":{"0":0,"1":0,"2":0,"3":0,"4":0,"5":0,"6":0,"7":0,"8":0,"9":0,"10":0,"11":0,"12":0,"13":0,"14":0,"15":0,"16":0,"17":0,"18":0,"19":0,"20":0,"21":0,"22":0,"23":0,"24":0},"f":{"0":0,"1":0,"2":0,"3":0,"4":0,"5":0,"6":0,"7":0},"b":{"0":[0,0],"1":[0,0]}}
,"/home/johanwendin/Dev/ts/lab3/src/app/types/index.ts": {"path":"/home/johanwendin/Dev/ts/lab3/src/app/types/index.ts","statementMap":{"0":{"start":{"line":1,"column":13},"end":{"line":1,"column":42}},"1":{"start":{"line":1,"column":42},"end":{"line":1,"column":55}},"2":{"start":{"line":2,"column":0},"end":{"line":2,"column":62}},"3":{"start":{"line":4,"column":0},"end":{"line":10,"column":74}},"4":{"start":{"line":5,"column":4},"end":{"line":5,"column":56}},"5":{"start":{"line":6,"column":4},"end":{"line":6,"column":58}},"6":{"start":{"line":7,"column":4},"end":{"line":7,"column":60}},"7":{"start":{"line":8,"column":4},"end":{"line":8,"column":54}},"8":{"start":{"line":9,"column":4},"end":{"line":9,"column":66}}},"fnMap":{"0":{"name":"(anonymous_0)","decl":{"start":{"line":4,"column":1},"end":{"line":4,"column":2}},"loc":{"start":{"line":4,"column":26},"end":{"line":10,"column":1}},"line":4}},"branchMap":{"0":{"loc":{"start":{"line":10,"column":19},"end":{"line":10,"column":72}},"type":"binary-expr","locations":[{"start":{"line":10,"column":19},"end":{"line":10,"column":40}},{"start":{"line":10,"column":45},"end":{"line":10,"column":71}}],"line":10}},"s":{"0":0,"1":0,"2":0,"3":0,"4":0,"5":0,"6":0,"7":0,"8":0},"f":{"0":0},"b":{"0":[0,0]}}
,"/home/johanwendin/Dev/ts/lab3/src/app/utils/index.ts": {"path":"/home/johanwendin/Dev/ts/lab3/src/app/utils/index.ts","statementMap":{"0":{"start":{"line":1,"column":13},"end":{"line":1,"column":42}},"1":{"start":{"line":1,"column":42},"end":{"line":1,"column":55}},"2":{"start":{"line":2,"column":0},"end":{"line":2,"column":62}},"3":{"start":{"line":4,"column":12},"end":{"line":4,"column":47}},"4":{"start":{"line":5,"column":12},"end":{"line":5,"column":47}},"5":{"start":{"line":6,"column":12},"end":{"line":6,"column":47}},"6":{"start":{"line":7,"column":14},"end":{"line":7,"column":56}},"7":{"start":{"line":8,"column":4},"end":{"line":8,"column":21}},"8":{"start":{"line":9,"column":4},"end":{"line":9,"column":26}},"9":{"start":{"line":10,"column":4},"end":{"line":10,"column":44}},"10":{"start":{"line":12,"column":0},"end":{"line":12,"column":40}}},"fnMap":{"0":{"name":"getContrastYIQ","decl":{"start":{"line":3,"column":9},"end":{"line":3,"column":23}},"loc":{"start":{"line":3,"column":34},"end":{"line":11,"column":1}},"line":3}},"branchMap":{"0":{"loc":{"start":{"line":10,"column":11},"end":{"line":10,"column":43}},"type":"cond-expr","locations":[{"start":{"line":10,"column":26},"end":{"line":10,"column":33}},{"start":{"line":10,"column":36},"end":{"line":10,"column":43}}],"line":10}},"s":{"0":0,"1":0,"2":0,"3":0,"4":0,"5":0,"6":0,"7":0,"8":0,"9":0,"10":0},"f":{"0":0},"b":{"0":[0,0]}}
,"/home/johanwendin/Dev/ts/lab3/src/app/weather/app.js": {"path":"/home/johanwendin/Dev/ts/lab3/src/app/weather/app.js","statementMap":{},"fnMap":{},"branchMap":{},"s":{},"f":{},"b":{}}
,"/home/johanwendin/Dev/ts/lab3/src/app/weather/weather.service.js": {"path":"/home/johanwendin/Dev/ts/lab3/src/app/weather/weather.service.js","statementMap":{},"fnMap":{},"branchMap":{},"s":{},"f":{},"b":{}}
,"/home/johanwendin/Dev/ts/lab3/src/app/weather/weather.service.ts": {"path":"/home/johanwendin/Dev/ts/lab3/src/app/weather/weather.service.ts","statementMap":{"0":{"start":{"line":1,"column":13},"end":{"line":1,"column":42}},"1":{"start":{"line":1,"column":42},"end":{"line":1,"column":55}},"2":{"start":{"line":2,"column":0},"end":{"line":2,"column":62}},"3":{"start":{"line":3,"column":16},"end":{"line":3,"column":41}},"4":{"start":{"line":4,"column":17},"end":{"line":13,"column":1}},"5":{"start":{"line":18,"column":8},"end":{"line":18,"column":24}},"6":{"start":{"line":21,"column":0},"end":{"line":21,"column":33}}},"fnMap":{"0":{"name":"(anonymous_0)","decl":{"start":{"line":15,"column":4},"end":{"line":15,"column":5}},"loc":{"start":{"line":15,"column":18},"end":{"line":16,"column":5}},"line":15},"1":{"name":"(anonymous_1)","decl":{"start":{"line":17,"column":4},"end":{"line":17,"column":5}},"loc":{"start":{"line":17,"column":25},"end":{"line":19,"column":5}},"line":17}},"branchMap":{},"s":{"0":0,"1":0,"2":0,"3":0,"4":0,"5":0,"6":0},"f":{"0":0,"1":0},"b":{}}
}
